<?xml version="1.0" encoding="UTF-8"?>
<testsuite name="com.example.gitpod.GitpodApplicationTests" tests="1" skipped="0" failures="0" errors="0" timestamp="2020-06-15T15:47:56" hostname="ws-3009d134-d789-4041-98fd-1ba5cdde73a6" time="0.329">
  <properties/>
  <testcase name="contextLoads()" classname="com.example.gitpod.GitpodApplicationTests" time="0.329"/>
  <system-out><![CDATA[15:47:53.217 [Test worker] DEBUG org.springframework.test.context.BootstrapUtils - Instantiating CacheAwareContextLoaderDelegate from class [org.springframework.test.context.cache.DefaultCacheAwareContextLoaderDelegate]
15:47:53.236 [Test worker] DEBUG org.springframework.test.context.BootstrapUtils - Instantiating BootstrapContext using constructor [public org.springframework.test.context.support.DefaultBootstrapContext(java.lang.Class,org.springframework.test.context.CacheAwareContextLoaderDelegate)]
15:47:53.282 [Test worker] DEBUG org.springframework.test.context.BootstrapUtils - Instantiating TestContextBootstrapper for test class [com.example.gitpod.GitpodApplicationTests] from class [org.springframework.boot.test.context.SpringBootTestContextBootstrapper]
15:47:53.298 [Test worker] INFO org.springframework.boot.test.context.SpringBootTestContextBootstrapper - Neither @ContextConfiguration nor @ContextHierarchy found for test class [com.example.gitpod.GitpodApplicationTests], using SpringBootContextLoader
15:47:53.302 [Test worker] DEBUG org.springframework.test.context.support.AbstractContextLoader - Did not detect default resource location for test class [com.example.gitpod.GitpodApplicationTests]: class path resource [com/example/gitpod/GitpodApplicationTests-context.xml] does not exist
15:47:53.303 [Test worker] DEBUG org.springframework.test.context.support.AbstractContextLoader - Did not detect default resource location for test class [com.example.gitpod.GitpodApplicationTests]: class path resource [com/example/gitpod/GitpodApplicationTestsContext.groovy] does not exist
15:47:53.303 [Test worker] INFO org.springframework.test.context.support.AbstractContextLoader - Could not detect default resource locations for test class [com.example.gitpod.GitpodApplicationTests]: no resource found for suffixes {-context.xml, Context.groovy}.
15:47:53.304 [Test worker] INFO org.springframework.test.context.support.AnnotationConfigContextLoaderUtils - Could not detect default configuration classes for test class [com.example.gitpod.GitpodApplicationTests]: GitpodApplicationTests does not declare any static, non-private, non-final, nested classes annotated with @Configuration.
15:47:53.364 [Test worker] DEBUG org.springframework.test.context.support.ActiveProfilesUtils - Could not find an 'annotation declaring class' for annotation type [org.springframework.test.context.ActiveProfiles] and class [com.example.gitpod.GitpodApplicationTests]
15:47:53.437 [Test worker] DEBUG org.springframework.context.annotation.ClassPathScanningCandidateComponentProvider - Identified candidate component class: file [/workspace/SBonGitPod/build/classes/java/main/com/example/gitpod/GitpodApplication.class]
15:47:53.439 [Test worker] INFO org.springframework.boot.test.context.SpringBootTestContextBootstrapper - Found @SpringBootConfiguration com.example.gitpod.GitpodApplication for test class com.example.gitpod.GitpodApplicationTests
15:47:53.581 [Test worker] DEBUG org.springframework.boot.test.context.SpringBootTestContextBootstrapper - @TestExecutionListeners is not present for class [com.example.gitpod.GitpodApplicationTests]: using defaults.
15:47:53.582 [Test worker] INFO org.springframework.boot.test.context.SpringBootTestContextBootstrapper - Loaded default TestExecutionListener class names from location [META-INF/spring.factories]: [org.springframework.boot.test.autoconfigure.restdocs.RestDocsTestExecutionListener, org.springframework.boot.test.autoconfigure.web.client.MockRestServiceServerResetTestExecutionListener, org.springframework.boot.test.autoconfigure.web.servlet.MockMvcPrintOnlyOnFailureTestExecutionListener, org.springframework.boot.test.autoconfigure.web.servlet.WebDriverTestExecutionListener, org.springframework.boot.test.autoconfigure.webservices.client.MockWebServiceServerTestExecutionListener, org.springframework.boot.test.mock.mockito.MockitoTestExecutionListener, org.springframework.boot.test.mock.mockito.ResetMocksTestExecutionListener, org.springframework.test.context.web.ServletTestExecutionListener, org.springframework.test.context.support.DirtiesContextBeforeModesTestExecutionListener, org.springframework.test.context.support.DependencyInjectionTestExecutionListener, org.springframework.test.context.support.DirtiesContextTestExecutionListener, org.springframework.test.context.transaction.TransactionalTestExecutionListener, org.springframework.test.context.jdbc.SqlScriptsTestExecutionListener, org.springframework.test.context.event.EventPublishingTestExecutionListener]
15:47:53.594 [Test worker] DEBUG org.springframework.boot.test.context.SpringBootTestContextBootstrapper - Skipping candidate TestExecutionListener [org.springframework.test.context.transaction.TransactionalTestExecutionListener] due to a missing dependency. Specify custom listener classes or make the default listener classes and their required dependencies available. Offending class: [org/springframework/transaction/TransactionDefinition]
15:47:53.595 [Test worker] DEBUG org.springframework.boot.test.context.SpringBootTestContextBootstrapper - Skipping candidate TestExecutionListener [org.springframework.test.context.jdbc.SqlScriptsTestExecutionListener] due to a missing dependency. Specify custom listener classes or make the default listener classes and their required dependencies available. Offending class: [org/springframework/transaction/interceptor/TransactionAttribute]
15:47:53.595 [Test worker] INFO org.springframework.boot.test.context.SpringBootTestContextBootstrapper - Using TestExecutionListeners: [org.springframework.test.context.web.ServletTestExecutionListener@5e0db648, org.springframework.test.context.support.DirtiesContextBeforeModesTestExecutionListener@8479466, org.springframework.boot.test.mock.mockito.MockitoTestExecutionListener@168de729, org.springframework.boot.test.autoconfigure.SpringBootDependencyInjectionTestExecutionListener@7e8b221c, org.springframework.test.context.support.DirtiesContextTestExecutionListener@4d877473, org.springframework.test.context.event.EventPublishingTestExecutionListener@79d73d01, org.springframework.boot.test.autoconfigure.restdocs.RestDocsTestExecutionListener@9a39bd, org.springframework.boot.test.autoconfigure.web.client.MockRestServiceServerResetTestExecutionListener@27a66070, org.springframework.boot.test.autoconfigure.web.servlet.MockMvcPrintOnlyOnFailureTestExecutionListener@51f4bc1b, org.springframework.boot.test.autoconfigure.web.servlet.WebDriverTestExecutionListener@118bac11, org.springframework.boot.test.autoconfigure.webservices.client.MockWebServiceServerTestExecutionListener@400d384c, org.springframework.boot.test.mock.mockito.ResetMocksTestExecutionListener@543c75dd]
15:47:53.600 [Test worker] DEBUG org.springframework.test.context.support.AbstractDirtiesContextTestExecutionListener - Before test class: context [DefaultTestContext@3525ed4a testClass = GitpodApplicationTests, testInstance = [null], testMethod = [null], testException = [null], mergedContextConfiguration = [WebMergedContextConfiguration@34fc5cea testClass = GitpodApplicationTests, locations = '{}', classes = '{class com.example.gitpod.GitpodApplication}', contextInitializerClasses = '[]', activeProfiles = '{}', propertySourceLocations = '{}', propertySourceProperties = '{org.springframework.boot.test.context.SpringBootTestContextBootstrapper=true}', contextCustomizers = set[org.springframework.boot.test.autoconfigure.properties.PropertyMappingContextCustomizer@0, org.springframework.boot.test.autoconfigure.web.servlet.WebDriverContextCustomizerFactory$Customizer@1086705e, org.springframework.boot.test.context.filter.ExcludeFilterContextCustomizer@5b9c315e, org.springframework.boot.test.json.DuplicateJsonObjectContextCustomizerFactory$DuplicateJsonObjectContextCustomizer@69791235, org.springframework.boot.test.mock.mockito.MockitoContextCustomizer@0, org.springframework.boot.test.web.client.TestRestTemplateContextCustomizer@1671f5a5, org.springframework.boot.test.context.SpringBootTestArgs@1], resourceBasePath = 'src/main/webapp', contextLoader = 'org.springframework.boot.test.context.SpringBootContextLoader', parent = [null]], attributes = map['org.springframework.test.context.web.ServletTestExecutionListener.activateListener' -> true]], class annotated with @DirtiesContext [false] with mode [null].
15:47:53.644 [Test worker] DEBUG org.springframework.test.context.support.TestPropertySourceUtils - Adding inlined properties to environment: {spring.jmx.enabled=false, org.springframework.boot.test.context.SpringBootTestContextBootstrapper=true}

  .   ____          _            __ _ _
 /\\ / ___'_ __ _ _(_)_ __  __ _ \ \ \ \
( ( )\___ | '_ | '_| | '_ \/ _` | \ \ \ \
 \\/  ___)| |_)| | | | | || (_| |  ) ) ) )
  '  |____| .__|_| |_|_| |_\__, | / / / /
 =========|_|==============|___/=/_/_/_/
 :: Spring Boot ::        (v2.3.1.RELEASE)

2020-06-15 15:47:54.133  INFO 7700 --- [    Test worker] c.example.gitpod.GitpodApplicationTests  : Starting GitpodApplicationTests on ws-3009d134-d789-4041-98fd-1ba5cdde73a6 with PID 7700 (started by gitpod in /workspace/SBonGitPod)
2020-06-15 15:47:54.137  INFO 7700 --- [    Test worker] c.example.gitpod.GitpodApplicationTests  : No active profile set, falling back to default profiles: default
2020-06-15 15:47:55.802  INFO 7700 --- [    Test worker] o.s.s.concurrent.ThreadPoolTaskExecutor  : Initializing ExecutorService 'applicationTaskExecutor'
2020-06-15 15:47:56.140  INFO 7700 --- [    Test worker] c.example.gitpod.GitpodApplicationTests  : Started GitpodApplicationTests in 2.485 seconds (JVM running for 4.268)
]]></system-out>
  <system-err><![CDATA[]]></system-err>
</testsuite>
